
   INFO  No scheduled commands are ready to run.  


  2024-12-16 06:02:40 Running [App\Http\Controllers\ActivityController@autoApprove] ........................ 15ms FAIL


  2024-12-18 05:50:49 Running [App\Http\Controllers\ActivityController@autoApprove] ........................ 33ms FAIL


  2024-12-18 05:55:49 Running [App\Http\Controllers\ActivityController@autoApprove] ........................ 16ms FAIL


  2024-12-18 06:00:50 Running [App\Http\Controllers\ActivityController@autoApprove] ........................ 12ms FAIL


  2024-12-18 06:05:50 Running [App\Http\Controllers\ActivityController@autoApprove] ........................ 26ms FAIL


  2024-12-18 06:10:50 Running [App\Http\Controllers\ActivityController@autoApprove] ........................ 12ms FAIL


  2024-12-18 06:15:50 Running [App\Http\Controllers\ActivityController@autoApprove] ........................ 20ms FAIL


  2024-12-18 06:20:50 Running [App\Http\Controllers\ActivityController@autoApprove] ........................ 16ms FAIL


  2024-12-18 06:25:49 Running [App\Http\Controllers\ActivityController@autoApprove] ........................ 13ms FAIL


  2024-12-18 06:30:49 Running [App\Http\Controllers\ActivityController@autoApprove] ........................ 13ms FAIL


  2024-12-18 06:35:50 Running [App\Http\Controllers\ActivityController@autoApprove] ........................ 17ms FAIL


  2024-12-18 06:40:49 Running [App\Http\Controllers\ActivityController@autoApprove] ........................ 13ms FAIL


  2024-12-18 06:45:49 Running [App\Http\Controllers\ActivityController@autoApprove] ........................ 13ms FAIL


  2024-12-18 06:50:49 Running [App\Http\Controllers\ActivityController@autoApprove] ........................ 14ms FAIL


  2024-12-18 06:55:49 Running [App\Http\Controllers\ActivityController@autoApprove] ........................ 10ms FAIL


  2024-12-18 07:00:49 Running [App\Http\Controllers\ActivityController@autoApprove] ........................ 15ms FAIL


  2024-12-18 07:05:49 Running [App\Http\Controllers\ActivityController@autoApprove] ........................ 18ms FAIL


  2024-12-18 07:10:49 Running [App\Http\Controllers\ActivityController@autoApprove] ........................ 13ms FAIL


  2024-12-18 07:15:49 Running [App\Http\Controllers\ActivityController@autoApprove] ........................ 13ms FAIL


  2024-12-18 08:37:59 Running [App\Http\Controllers\ActivityController@autoApprove] ........................ 63ms FAIL


  2024-12-18 08:40:49 Running [App\Http\Controllers\ActivityController@autoApprove] ........................ 17ms FAIL


  2024-12-18 08:45:49 Running [App\Http\Controllers\ActivityController@autoApprove] ........................ 13ms FAIL


  2024-12-18 08:50:50 Running [App\Http\Controllers\ActivityController@autoApprove] ........................ 13ms FAIL


  2024-12-18 08:55:50 Running [App\Http\Controllers\ActivityController@autoApprove] ........................ 18ms FAIL


  2024-12-18 09:00:50 Running [App\Http\Controllers\ActivityController@autoApprove] ........................ 13ms FAIL


  2024-12-18 09:05:49 Running [App\Http\Controllers\ActivityController@autoApprove] ........................ 13ms FAIL


  2024-12-18 09:10:49 Running [App\Http\Controllers\ActivityController@autoApprove] ........................ 12ms FAIL


  2024-12-18 10:13:08 Running [App\Http\Controllers\ActivityController@autoApprove] ........................ 39ms FAIL

^C
  2024-12-18 10:21:01 Running [App\Http\Controllers\ActivityController@autoApprove] ....................... 802ms FAIL


  2024-12-18 10:25:49 Running [App\Http\Controllers\ActivityController@autoApprove] ........................ 12ms FAIL


  2024-12-18 10:30:49 Running [App\Http\Controllers\ActivityController@autoApprove] ........................ 13ms FAIL


  2024-12-18 10:35:49 Running [App\Http\Controllers\ActivityController@autoApprove] ........................ 12ms FAIL


  2024-12-18 10:40:49 Running [App\Http\Controllers\ActivityController@autoApprove] ........................ 12ms FAIL


  2024-12-18 10:45:49 Running [App\Http\Controllers\ActivityController@autoApprove] ........................ 12ms FAIL


  2024-12-18 10:50:49 Running [App\Http\Controllers\ActivityController@autoApprove] ........................ 21ms FAIL


  2024-12-18 10:55:49 Running [App\Http\Controllers\ActivityController@autoApprove] ........................ 11ms FAIL


  2024-12-18 11:00:51 Running [App\Http\Controllers\ActivityController@autoApprove] ........................ 84ms FAIL


  2024-12-18 11:05:52 Running [App\Http\Controllers\ActivityController@autoApprove] ........................ 64ms FAIL


  2024-12-18 11:10:51 Running [App\Http\Controllers\ActivityController@autoApprove] ........................ 60ms FAIL


  2024-12-18 11:15:51 Running [App\Http\Controllers\ActivityController@autoApprove] ........................ 61ms FAIL


  2024-12-19 05:15:12 Running [App\Http\Controllers\ActivityController@autoApprove] ..................... 1,324ms FAIL


  2024-12-19 05:15:49 Running [App\Http\Controllers\ActivityController@autoApprove] ........................ 13ms FAIL


  2024-12-19 05:20:49 Running [App\Http\Controllers\ActivityController@autoApprove] ........................ 17ms FAIL


  2024-12-19 05:25:49 Running [App\Http\Controllers\ActivityController@autoApprove] ........................ 14ms FAIL


  2024-12-19 05:30:49 Running [App\Http\Controllers\ActivityController@autoApprove] ........................ 13ms FAIL


  2024-12-19 05:35:49 Running [App\Http\Controllers\ActivityController@autoApprove] ........................ 15ms FAIL


  2024-12-19 05:40:50 Running [App\Http\Controllers\ActivityController@autoApprove] ........................ 33ms FAIL


  2024-12-19 05:45:50 Running [App\Http\Controllers\ActivityController@autoApprove] ........................ 35ms FAIL


  2024-12-19 05:50:49 Running [App\Http\Controllers\ActivityController@autoApprove] ........................ 29ms FAIL


  2024-12-19 05:55:49 Running [App\Http\Controllers\ActivityController@autoApprove] ........................ 12ms FAIL


  2024-12-19 06:00:49 Running [App\Http\Controllers\ActivityController@autoApprove] ........................ 15ms FAIL


  2024-12-19 06:05:49 Running [App\Http\Controllers\ActivityController@autoApprove] ........................ 15ms FAIL


  2024-12-19 06:10:49 Running [App\Http\Controllers\ActivityController@autoApprove] ........................ 14ms FAIL


  2024-12-19 06:15:49 Running [App\Http\Controllers\ActivityController@autoApprove] ........................ 14ms FAIL


  2024-12-19 06:20:49 Running [App\Http\Controllers\ActivityController@autoApprove] ........................ 11ms FAIL


  2024-12-19 06:25:50 Running [App\Http\Controllers\ActivityController@autoApprove] ........................ 39ms FAIL


  2024-12-19 06:30:49 Running [App\Http\Controllers\ActivityController@autoApprove] ........................ 13ms FAIL


  2024-12-19 06:35:49 Running [App\Http\Controllers\ActivityController@autoApprove] ........................ 15ms FAIL


  2024-12-19 06:40:49 Running [App\Http\Controllers\ActivityController@autoApprove] ........................ 16ms FAIL


  2024-12-19 06:45:49 Running [App\Http\Controllers\ActivityController@autoApprove] ........................ 15ms FAIL


  2024-12-19 06:50:50 Running [App\Http\Controllers\ActivityController@autoApprove] ........................ 41ms FAIL


  2024-12-19 06:55:49 Running [App\Http\Controllers\ActivityController@autoApprove] ........................ 13ms FAIL


  2024-12-19 07:00:50 Running [App\Http\Controllers\ActivityController@autoApprove] ........................ 35ms FAIL


  2024-12-19 07:05:49 Running [App\Http\Controllers\ActivityController@autoApprove] ........................ 21ms FAIL


  2024-12-19 07:10:50 Running [App\Http\Controllers\ActivityController@autoApprove] ........................ 33ms FAIL


  2024-12-19 07:15:50 Running [App\Http\Controllers\ActivityController@autoApprove] ........................ 37ms FAIL


  2024-12-19 07:45:58 Running [App\Http\Controllers\ActivityController@autoApprove] ........................ 25ms FAIL


  2024-12-19 07:50:51 Running [App\Http\Controllers\ActivityController@autoApprove] ........................ 70ms FAIL


  2024-12-19 07:55:53 Running [App\Http\Controllers\ActivityController@autoApprove] ........................ 76ms FAIL


  2024-12-19 08:00:51 Running [App\Http\Controllers\ActivityController@autoApprove] ........................ 59ms FAIL


  2024-12-19 08:05:54 Running [App\Http\Controllers\ActivityController@autoApprove] ....................... 268ms FAIL


  2024-12-19 08:10:55 Running [App\Http\Controllers\ActivityController@autoApprove] ........................ 77ms FAIL


  2024-12-19 08:15:51 Running [App\Http\Controllers\ActivityController@autoApprove] ........................ 63ms FAIL


  2024-12-19 08:20:50 Running [App\Http\Controllers\ActivityController@autoApprove] ........................ 34ms FAIL


  2024-12-19 08:25:51 Running [App\Http\Controllers\ActivityController@autoApprove] ........................ 71ms FAIL


  2024-12-19 08:30:53 Running [App\Http\Controllers\ActivityController@autoApprove] ....................... 150ms FAIL


  2024-12-19 08:35:51 Running [App\Http\Controllers\ActivityController@autoApprove] ........................ 81ms FAIL


  2024-12-19 08:40:51 Running [App\Http\Controllers\ActivityController@autoApprove] ........................ 70ms FAIL

^C
  2024-12-19 08:50:50 Running [App\Http\Controllers\ActivityController@autoApprove] ........................ 23ms FAIL


  2024-12-19 08:55:49 Running [App\Http\Controllers\ActivityController@autoApprove] ........................ 16ms FAIL


  2024-12-19 09:00:49 Running [App\Http\Controllers\ActivityController@autoApprove] ........................ 14ms FAIL


  2024-12-19 09:05:49 Running [App\Http\Controllers\ActivityController@autoApprove] ........................ 16ms FAIL


  2024-12-19 09:10:49 Running [App\Http\Controllers\ActivityController@autoApprove] ........................ 13ms FAIL


  2024-12-19 09:15:49 Running [App\Http\Controllers\ActivityController@autoApprove] ........................ 14ms FAIL


  2024-12-19 09:20:49 Running [App\Http\Controllers\ActivityController@autoApprove] ........................ 14ms FAIL


  2024-12-19 09:25:49 Running [App\Http\Controllers\ActivityController@autoApprove] ........................ 16ms FAIL


  2024-12-19 09:30:49 Running [App\Http\Controllers\ActivityController@autoApprove] ........................ 14ms FAIL


  2024-12-19 09:35:49 Running [App\Http\Controllers\ActivityController@autoApprove] ........................ 14ms FAIL


  2024-12-19 09:40:49 Running [App\Http\Controllers\ActivityController@autoApprove] ........................ 16ms FAIL


  2024-12-19 09:45:49 Running [App\Http\Controllers\ActivityController@autoApprove] ........................ 14ms FAIL


  2024-12-19 09:50:49 Running [App\Http\Controllers\ActivityController@autoApprove] ........................ 14ms FAIL


  2024-12-19 09:55:49 Running [App\Http\Controllers\ActivityController@autoApprove] ........................ 14ms FAIL


  2024-12-19 10:00:50 Running [App\Http\Controllers\ActivityController@autoApprove] ........................ 17ms FAIL


  2024-12-19 10:05:49 Running [App\Http\Controllers\ActivityController@autoApprove] ........................ 15ms FAIL


  2024-12-19 10:10:49 Running [App\Http\Controllers\ActivityController@autoApprove] ........................ 17ms FAIL


  2024-12-19 10:15:49 Running [App\Http\Controllers\ActivityController@autoApprove] ........................ 15ms FAIL


  2024-12-19 10:20:49 Running [App\Http\Controllers\ActivityController@autoApprove] ........................ 16ms FAIL


  2024-12-19 10:26:08 Running [App\Http\Controllers\ActivityController@autoApprove] ..................... 1,364ms FAIL


  2024-12-19 10:30:49 Running [App\Http\Controllers\ActivityController@autoApprove] ........................ 11ms FAIL


  2024-12-19 10:35:50 Running [App\Http\Controllers\ActivityController@autoApprove] ........................ 20ms FAIL


  2024-12-19 10:40:50 Running [App\Http\Controllers\ActivityController@autoApprove] ........................ 38ms FAIL


  2024-12-19 10:45:50 Running [App\Http\Controllers\ActivityController@autoApprove] ........................ 31ms FAIL


  2024-12-19 10:50:51 Running [App\Http\Controllers\ActivityController@autoApprove] ........................ 22ms FAIL


  2024-12-20 03:19:42 Running [App\Http\Controllers\ActivityController@autoApprove] ....................... 123ms FAIL


  2024-12-20 03:20:50 Running [App\Http\Controllers\ActivityController@autoApprove] ........................ 28ms FAIL


  2024-12-20 03:26:14 Running [App\Http\Controllers\ActivityController@autoApprove] ........................ 39ms FAIL


  2024-12-20 03:30:50 Running [App\Http\Controllers\ActivityController@autoApprove] ........................ 23ms FAIL


  2024-12-20 03:35:50 Running [App\Http\Controllers\ActivityController@autoApprove] ........................ 29ms FAIL


  2024-12-20 03:40:50 Running [App\Http\Controllers\ActivityController@autoApprove] ........................ 41ms FAIL


  2024-12-20 03:45:49 Running [App\Http\Controllers\ActivityController@autoApprove] ........................ 11ms FAIL


  2024-12-20 03:50:49 Running [App\Http\Controllers\ActivityController@autoApprove] ........................ 13ms FAIL


  2024-12-20 03:55:50 Running [App\Http\Controllers\ActivityController@autoApprove] ........................ 40ms FAIL


  2024-12-20 04:00:50 Running [App\Http\Controllers\ActivityController@autoApprove] ........................ 40ms FAIL


  2024-12-20 04:05:50 Running [App\Http\Controllers\ActivityController@autoApprove] ........................ 19ms FAIL


  2024-12-20 04:10:50 Running [App\Http\Controllers\ActivityController@autoApprove] ........................ 44ms FAIL


  2024-12-20 04:15:50 Running [App\Http\Controllers\ActivityController@autoApprove] ........................ 41ms FAIL


  2024-12-20 04:20:50 Running [App\Http\Controllers\ActivityController@autoApprove] ........................ 34ms FAIL


  2024-12-20 04:25:50 Running [App\Http\Controllers\ActivityController@autoApprove] ........................ 47ms FAIL


  2024-12-20 04:30:50 Running [App\Http\Controllers\ActivityController@autoApprove] ........................ 46ms FAIL


  2024-12-20 04:35:50 Running [App\Http\Controllers\ActivityController@autoApprove] ........................ 44ms FAIL


  2024-12-20 04:40:50 Running [App\Http\Controllers\ActivityController@autoApprove] ........................ 28ms FAIL


  2024-12-20 04:45:50 Running [App\Http\Controllers\ActivityController@autoApprove] ........................ 32ms FAIL


  2024-12-20 04:50:50 Running [App\Http\Controllers\ActivityController@autoApprove] ........................ 26ms FAIL


  2024-12-20 04:55:50 Running [App\Http\Controllers\ActivityController@autoApprove] ........................ 29ms FAIL


  2024-12-20 05:00:50 Running [App\Http\Controllers\ActivityController@autoApprove] ........................ 45ms FAIL


  2024-12-20 05:05:50 Running [App\Http\Controllers\ActivityController@autoApprove] ........................ 35ms FAIL


  2024-12-20 08:13:20 Running [App\Http\Controllers\ActivityController@autoApprove] ..................... 1,579ms FAIL


  2024-12-20 08:15:50 Running [App\Http\Controllers\ActivityController@autoApprove] ........................ 22ms FAIL


  2024-12-20 08:18:07 Running [App\Http\Controllers\ActivityController@autoApprove] ........................ 37ms FAIL


  2024-12-20 08:21:06 Running [App\Http\Controllers\ActivityController@autoApprove] ........................ 20ms FAIL


  2024-12-20 08:23:27 Running [App\Http\Controllers\ActivityController@autoApprove] ........................ 21ms FAIL


  2024-12-20 08:25:50 Running [App\Http\Controllers\ActivityController@autoApprove] ........................ 20ms FAIL


  2024-12-20 08:28:07 Running [App\Http\Controllers\ActivityController@autoApprove] ........................ 21ms FAIL


  2024-12-20 08:30:50 Running [App\Http\Controllers\ActivityController@autoApprove] ........................ 29ms FAIL


  2024-12-20 08:33:07 Running [App\Http\Controllers\ActivityController@autoApprove] ........................ 22ms FAIL


  2024-12-20 08:35:49 Running [App\Http\Controllers\ActivityController@autoApprove] ........................ 22ms FAIL


  2024-12-20 08:38:07 Running [App\Http\Controllers\ActivityController@autoApprove] ........................ 25ms FAIL


  2024-12-20 08:40:50 Running [App\Http\Controllers\ActivityController@autoApprove] ........................ 17ms FAIL


  2024-12-20 08:43:07 Running [App\Http\Controllers\ActivityController@autoApprove] ........................ 24ms FAIL


  2024-12-20 08:45:50 Running [App\Http\Controllers\ActivityController@autoApprove] ........................ 27ms FAIL


  2024-12-20 08:48:07 Running [App\Http\Controllers\ActivityController@autoApprove] ........................ 24ms FAIL


  2024-12-20 08:50:50 Running [App\Http\Controllers\ActivityController@autoApprove] ........................ 23ms FAIL


  2024-12-20 08:53:07 Running [App\Http\Controllers\ActivityController@autoApprove] ........................ 24ms FAIL


  2024-12-20 08:55:50 Running [App\Http\Controllers\ActivityController@autoApprove] ........................ 48ms FAIL


  2024-12-20 08:58:07 Running [App\Http\Controllers\ActivityController@autoApprove] ........................ 25ms FAIL


  2024-12-20 09:00:50 Running [App\Http\Controllers\ActivityController@autoApprove] ........................ 43ms FAIL


  2024-12-20 09:03:07 Running [App\Http\Controllers\ActivityController@autoApprove] ........................ 28ms FAIL


  2024-12-20 09:05:50 Running [App\Http\Controllers\ActivityController@autoApprove] ........................ 23ms FAIL


  2024-12-20 09:08:08 Running [App\Http\Controllers\ActivityController@autoApprove] ........................ 32ms FAIL


  2024-12-20 09:10:50 Running [App\Http\Controllers\ActivityController@autoApprove] ........................ 25ms FAIL


  2024-12-20 09:13:07 Running [App\Http\Controllers\ActivityController@autoApprove] ........................ 24ms FAIL


  2024-12-20 09:15:50 Running [App\Http\Controllers\ActivityController@autoApprove] ........................ 22ms FAIL


  2024-12-20 09:18:07 Running [App\Http\Controllers\ActivityController@autoApprove] ........................ 25ms FAIL


  2024-12-20 09:20:50 Running [App\Http\Controllers\ActivityController@autoApprove] ........................ 23ms FAIL


  2024-12-20 09:23:08 Running [App\Http\Controllers\ActivityController@autoApprove] ........................ 30ms FAIL


  2024-12-20 09:25:50 Running [App\Http\Controllers\ActivityController@autoApprove] ........................ 21ms FAIL


  2024-12-20 09:28:07 Running [App\Http\Controllers\ActivityController@autoApprove] ........................ 20ms FAIL


  2024-12-20 09:30:50 Running [App\Http\Controllers\ActivityController@autoApprove] ........................ 23ms FAIL


  2024-12-20 09:33:07 Running [App\Http\Controllers\ActivityController@autoApprove] ........................ 24ms FAIL


  2024-12-20 09:35:50 Running [App\Http\Controllers\ActivityController@autoApprove] ........................ 22ms FAIL


  2024-12-20 09:38:07 Running [App\Http\Controllers\ActivityController@autoApprove] ........................ 23ms FAIL


  2024-12-20 09:40:50 Running [App\Http\Controllers\ActivityController@autoApprove] ........................ 24ms FAIL


  2024-12-20 09:43:07 Running [App\Http\Controllers\ActivityController@autoApprove] ........................ 20ms FAIL


  2024-12-20 09:45:50 Running [App\Http\Controllers\ActivityController@autoApprove] ........................ 29ms FAIL


  2024-12-20 09:48:07 Running [App\Http\Controllers\ActivityController@autoApprove] ........................ 18ms FAIL


  2024-12-20 09:50:49 Running [App\Http\Controllers\ActivityController@autoApprove] ........................ 13ms FAIL


  2024-12-20 10:00:10 Running [App\Http\Controllers\ActivityController@autoApprove] ........................ 14ms FAIL


  2024-12-20 10:00:49 Running [App\Http\Controllers\ActivityController@autoApprove] ........................ 19ms FAIL


  2024-12-20 10:03:07 Running [App\Http\Controllers\ActivityController@autoApprove] ........................ 16ms FAIL


  2024-12-20 10:05:50 Running [App\Http\Controllers\ActivityController@autoApprove] ........................ 18ms FAIL


  2024-12-20 10:08:07 Running [App\Http\Controllers\ActivityController@autoApprove] ........................ 22ms FAIL


  2024-12-20 10:10:50 Running [App\Http\Controllers\ActivityController@autoApprove] ........................ 21ms FAIL


  2024-12-20 10:13:07 Running [App\Http\Controllers\ActivityController@autoApprove] ........................ 16ms FAIL


  2024-12-20 10:15:50 Running [App\Http\Controllers\ActivityController@autoApprove] ........................ 24ms FAIL


  2024-12-20 10:18:07 Running [App\Http\Controllers\ActivityController@autoApprove] ........................ 23ms FAIL


  2024-12-20 10:20:50 Running [App\Http\Controllers\ActivityController@autoApprove] ........................ 16ms FAIL


  2024-12-20 10:23:07 Running [App\Http\Controllers\ActivityController@autoApprove] ........................ 19ms FAIL


  2024-12-20 10:25:50 Running [App\Http\Controllers\ActivityController@autoApprove] ........................ 22ms FAIL


  2024-12-20 10:28:07 Running [App\Http\Controllers\ActivityController@autoApprove] ........................ 20ms FAIL


  2024-12-20 10:30:50 Running [App\Http\Controllers\ActivityController@autoApprove] ........................ 21ms FAIL


  2024-12-20 10:33:07 Running [App\Http\Controllers\ActivityController@autoApprove] ........................ 18ms FAIL


  2024-12-20 10:35:50 Running [App\Http\Controllers\ActivityController@autoApprove] ........................ 20ms FAIL


  2024-12-20 10:38:07 Running [App\Http\Controllers\ActivityController@autoApprove] ........................ 23ms FAIL


  2024-12-20 10:40:50 Running [App\Http\Controllers\ActivityController@autoApprove] ........................ 24ms FAIL


  2024-12-21 08:55:33 Running [App\Http\Controllers\ActivityController@autoApprove] ....................... 890ms FAIL


  2024-12-21 08:55:52 Running [App\Http\Controllers\ActivityController@autoApprove] ........................ 12ms FAIL


  2024-12-21 08:58:07 Running [App\Http\Controllers\ActivityController@autoApprove] ........................ 12ms FAIL


  2024-12-21 09:00:49 Running [App\Http\Controllers\ActivityController@autoApprove] ........................ 17ms FAIL


  2024-12-21 09:03:07 Running [App\Http\Controllers\ActivityController@autoApprove] ........................ 25ms FAIL


  2024-12-21 09:05:50 Running [App\Http\Controllers\ActivityController@autoApprove] ........................ 48ms FAIL


  2024-12-21 09:08:27 Running [App\Http\Controllers\ActivityController@autoApprove] ..................... 1,474ms FAIL


  2024-12-21 09:10:50 Running [App\Http\Controllers\ActivityController@autoApprove] ........................ 20ms FAIL


  2024-12-21 09:13:07 Running [App\Http\Controllers\ActivityController@autoApprove] ........................ 24ms FAIL


  2024-12-21 09:15:50 Running [App\Http\Controllers\ActivityController@autoApprove] ........................ 20ms FAIL


  2024-12-21 09:18:07 Running [App\Http\Controllers\ActivityController@autoApprove] ........................ 14ms FAIL


  2024-12-21 09:20:50 Running [App\Http\Controllers\ActivityController@autoApprove] ........................ 20ms FAIL


  2024-12-21 09:23:07 Running [App\Http\Controllers\ActivityController@autoApprove] ........................ 18ms FAIL


  2024-12-21 09:25:50 Running [App\Http\Controllers\ActivityController@autoApprove] ........................ 20ms FAIL


  2024-12-21 09:28:07 Running [App\Http\Controllers\ActivityController@autoApprove] ........................ 29ms FAIL


  2024-12-21 09:30:50 Running [App\Http\Controllers\ActivityController@autoApprove] ........................ 18ms FAIL


  2024-12-21 09:33:07 Running [App\Http\Controllers\ActivityController@autoApprove] ........................ 16ms FAIL


  2024-12-21 09:35:50 Running [App\Http\Controllers\ActivityController@autoApprove] ........................ 18ms FAIL


  2024-12-21 09:38:07 Running [App\Http\Controllers\ActivityController@autoApprove] ........................ 25ms FAIL


  2024-12-21 09:40:50 Running [App\Http\Controllers\ActivityController@autoApprove] ........................ 27ms FAIL


  2024-12-21 09:43:07 Running [App\Http\Controllers\ActivityController@autoApprove] ........................ 21ms FAIL


  2024-12-21 09:45:50 Running [App\Http\Controllers\ActivityController@autoApprove] ........................ 15ms FAIL


  2024-12-21 09:48:07 Running [App\Http\Controllers\ActivityController@autoApprove] ........................ 17ms FAIL


  2024-12-21 09:50:50 Running [App\Http\Controllers\ActivityController@autoApprove] ........................ 20ms FAIL


  2024-12-21 09:53:07 Running [App\Http\Controllers\ActivityController@autoApprove] ........................ 22ms FAIL


  2024-12-21 09:55:50 Running [App\Http\Controllers\ActivityController@autoApprove] ........................ 26ms FAIL


  2024-12-21 09:58:07 Running [App\Http\Controllers\ActivityController@autoApprove] ........................ 24ms FAIL


  2024-12-21 10:00:50 Running [App\Http\Controllers\ActivityController@autoApprove] ........................ 32ms FAIL


  2024-12-21 10:03:07 Running [App\Http\Controllers\ActivityController@autoApprove] ........................ 25ms FAIL


  2024-12-21 10:05:50 Running [App\Http\Controllers\ActivityController@autoApprove] ........................ 25ms FAIL


  2024-12-21 10:08:07 Running [App\Http\Controllers\ActivityController@autoApprove] ........................ 26ms FAIL


  2024-12-21 10:10:50 Running [App\Http\Controllers\ActivityController@autoApprove] ........................ 24ms FAIL


  2024-12-21 10:13:07 Running [App\Http\Controllers\ActivityController@autoApprove] ........................ 25ms FAIL


  2024-12-21 10:15:50 Running [App\Http\Controllers\ActivityController@autoApprove] ........................ 24ms FAIL


  2024-12-21 10:18:08 Running [App\Http\Controllers\ActivityController@autoApprove] ........................ 46ms FAIL


  2024-12-21 10:20:51 Running [App\Http\Controllers\ActivityController@autoApprove] ........................ 59ms FAIL


  2024-12-21 10:23:07 Running [App\Http\Controllers\ActivityController@autoApprove] ........................ 32ms FAIL


  2024-12-21 10:25:50 Running [App\Http\Controllers\ActivityController@autoApprove] ........................ 37ms FAIL


  2024-12-21 10:28:07 Running [App\Http\Controllers\ActivityController@autoApprove] ........................ 23ms FAIL


  2024-12-21 10:30:50 Running [App\Http\Controllers\ActivityController@autoApprove] ....................... 166ms FAIL


  2024-12-21 10:33:07 Running [App\Http\Controllers\ActivityController@autoApprove] ........................ 24ms FAIL


  2024-12-21 10:35:50 Running [App\Http\Controllers\ActivityController@autoApprove] ........................ 35ms FAIL


  2024-12-21 11:18:50 Running [App\Http\Controllers\ActivityController@autoApprove] ........................ 20ms FAIL


  2024-12-21 12:25:49 Running [App\Http\Controllers\ActivityController@autoApprove] ........................ 90ms FAIL


  2024-12-21 13:07:14 Running [App\Http\Controllers\ActivityController@autoApprove] ........................ 39ms FAIL


  2024-12-21 13:08:07 Running [App\Http\Controllers\ActivityController@autoApprove] ........................ 15ms FAIL


  2024-12-21 14:23:58 Running [App\Http\Controllers\ActivityController@autoApprove] ........................ 12ms FAIL


  2024-12-21 14:23:59 Running [App\Http\Controllers\ActivityController@autoApprove] ........................ 14ms FAIL


  2024-12-21 15:33:30 Running [App\Http\Controllers\ActivityController@autoApprove] ........................ 29ms FAIL


  2024-12-21 16:50:09 Running [App\Http\Controllers\ActivityController@autoApprove] ........................ 17ms FAIL


  2024-12-21 16:50:49 Running [App\Http\Controllers\ActivityController@autoApprove] ........................ 15ms FAIL


  2024-12-22 12:49:00 Running [App\Http\Controllers\ActivityController@autoApprove] ..................... 1,202ms FAIL


  2024-12-22 12:50:49 Running [App\Http\Controllers\ActivityController@autoApprove] ........................ 13ms FAIL


  2024-12-22 12:53:07 Running [App\Http\Controllers\ActivityController@autoApprove] ........................ 13ms FAIL


  2024-12-22 12:55:49 Running [App\Http\Controllers\ActivityController@autoApprove] ........................ 12ms FAIL


  2024-12-22 12:58:07 Running [App\Http\Controllers\ActivityController@autoApprove] ........................ 15ms FAIL


  2024-12-22 13:00:49 Running [App\Http\Controllers\ActivityController@autoApprove] ........................ 10ms FAIL


  2024-12-22 13:03:07 Running [App\Http\Controllers\ActivityController@autoApprove] ........................ 12ms FAIL


  2024-12-22 13:06:04 Running [App\Http\Controllers\ActivityController@autoApprove] ..................... 1,269ms FAIL


  2024-12-22 13:08:07 Running [App\Http\Controllers\ActivityController@autoApprove] ........................ 12ms FAIL


  2024-12-22 13:10:49 Running [App\Http\Controllers\ActivityController@autoApprove] ........................ 11ms FAIL


  2024-12-22 13:13:07 Running [App\Http\Controllers\ActivityController@autoApprove] ........................ 13ms FAIL


  2024-12-22 13:15:50 Running [App\Http\Controllers\ActivityController@autoApprove] ........................ 16ms FAIL


  2024-12-22 13:18:07 Running [App\Http\Controllers\ActivityController@autoApprove] ........................ 17ms FAIL


  2024-12-22 13:20:49 Running [App\Http\Controllers\ActivityController@autoApprove] ........................ 18ms FAIL


  2024-12-23 05:51:15 Running [App\Http\Controllers\ActivityController@autoApprove] ..................... 1,035ms FAIL


  2024-12-23 05:56:01 Running [App\Http\Controllers\ActivityController@autoApprove] ........................ 26ms FAIL


  2024-12-23 06:01:01 Running [App\Http\Controllers\ActivityController@autoApprove] ........................ 19ms FAIL


  2024-12-23 06:06:01 Running [App\Http\Controllers\ActivityController@autoApprove] ........................ 23ms FAIL


  2024-12-23 06:11:01 Running [App\Http\Controllers\ActivityController@autoApprove] ........................ 14ms FAIL


  2024-12-23 06:16:01 Running [App\Http\Controllers\ActivityController@autoApprove] ........................ 13ms FAIL


  2024-12-23 06:21:01 Running [App\Http\Controllers\ActivityController@autoApprove] ........................ 11ms FAIL


  2024-12-23 06:26:15 Running [App\Http\Controllers\ActivityController@autoApprove] ........................ 14ms FAIL


  2024-12-23 06:31:18 Running [App\Http\Controllers\ActivityController@autoApprove] ........................ 15ms FAIL


  2024-12-23 06:36:07 Running [App\Http\Controllers\ActivityController@autoApprove] ........................ 13ms FAIL


  2024-12-23 06:41:04 Running [App\Http\Controllers\ActivityController@autoApprove] ........................ 13ms FAIL


  2024-12-23 06:46:02 Running [App\Http\Controllers\ActivityController@autoApprove] ........................ 12ms FAIL


  2024-12-23 06:51:01 Running [App\Http\Controllers\ActivityController@autoApprove] ........................ 26ms FAIL


  2024-12-23 06:56:01 Running [App\Http\Controllers\ActivityController@autoApprove] ........................ 27ms FAIL


  2024-12-23 07:01:01 Running [App\Http\Controllers\ActivityController@autoApprove] ........................ 13ms FAIL


  2024-12-23 07:06:01 Running [App\Http\Controllers\ActivityController@autoApprove] ........................ 12ms FAIL


  2024-12-23 07:11:01 Running [App\Http\Controllers\ActivityController@autoApprove] ........................ 13ms FAIL


  2024-12-23 07:16:01 Running [App\Http\Controllers\ActivityController@autoApprove] ........................ 11ms FAIL


  2024-12-23 07:21:01 Running [App\Http\Controllers\ActivityController@autoApprove] ........................ 13ms FAIL


  2024-12-23 07:26:01 Running [App\Http\Controllers\ActivityController@autoApprove] ........................ 14ms FAIL


  2024-12-23 07:31:01 Running [App\Http\Controllers\ActivityController@autoApprove] ........................ 12ms FAIL


  2024-12-23 07:36:01 Running [App\Http\Controllers\ActivityController@autoApprove] ........................ 13ms FAIL


  2024-12-23 07:41:01 Running [App\Http\Controllers\ActivityController@autoApprove] ........................ 28ms FAIL


  2024-12-23 07:46:01 Running [App\Http\Controllers\ActivityController@autoApprove] ........................ 39ms FAIL


  2024-12-23 07:51:01 Running [App\Http\Controllers\ActivityController@autoApprove] ........................ 11ms FAIL


  2024-12-23 07:56:00 Running [App\Http\Controllers\ActivityController@autoApprove] ........................ 25ms FAIL


  2024-12-23 08:01:01 Running [App\Http\Controllers\ActivityController@autoApprove] ........................ 19ms FAIL


  2024-12-23 08:06:01 Running [App\Http\Controllers\ActivityController@autoApprove] ........................ 15ms FAIL


  2024-12-23 08:11:00 Running [App\Http\Controllers\ActivityController@autoApprove] ........................ 13ms FAIL


  2024-12-23 08:16:01 Running [App\Http\Controllers\ActivityController@autoApprove] ........................ 25ms FAIL


  2024-12-23 08:21:01 Running [App\Http\Controllers\ActivityController@autoApprove] ........................ 23ms FAIL


  2024-12-23 08:26:01 Running [App\Http\Controllers\ActivityController@autoApprove] ........................ 24ms FAIL


  2024-12-23 08:31:01 Running [App\Http\Controllers\ActivityController@autoApprove] ........................ 31ms FAIL


  2024-12-23 08:36:03 Running [App\Http\Controllers\ActivityController@autoApprove] ........................ 48ms FAIL


  2024-12-23 08:41:02 Running [App\Http\Controllers\ActivityController@autoApprove] ........................ 76ms FAIL


  2024-12-23 08:46:01 Running [App\Http\Controllers\ActivityController@autoApprove] ........................ 24ms FAIL


  2024-12-23 08:51:01 Running [App\Http\Controllers\ActivityController@autoApprove] ........................ 23ms FAIL


  2024-12-23 08:56:01 Running [App\Http\Controllers\ActivityController@autoApprove] ........................ 38ms FAIL


  2024-12-23 09:01:01 Running [App\Http\Controllers\ActivityController@autoApprove] ........................ 24ms FAIL


  2024-12-23 09:06:01 Running [App\Http\Controllers\ActivityController@autoApprove] ........................ 16ms FAIL


  2024-12-23 09:11:01 Running [App\Http\Controllers\ActivityController@autoApprove] ........................ 12ms FAIL

^C^C
  2024-12-23 09:26:09 Running [App\Http\Controllers\ActivityController@autoApprove] ..................... 1,166ms FAIL


  2024-12-23 09:31:01 Running [App\Http\Controllers\ActivityController@autoApprove] ........................ 13ms FAIL


  2024-12-23 09:36:01 Running [App\Http\Controllers\ActivityController@autoApprove] ........................ 17ms FAIL


  2024-12-23 09:41:01 Running [App\Http\Controllers\ActivityController@autoApprove] ........................ 40ms FAIL


  2024-12-23 09:46:01 Running [App\Http\Controllers\ActivityController@autoApprove] ........................ 39ms FAIL


  2024-12-23 09:51:01 Running [App\Http\Controllers\ActivityController@autoApprove] ........................ 37ms FAIL


  2024-12-23 09:56:01 Running [App\Http\Controllers\ActivityController@autoApprove] ........................ 40ms FAIL


  2024-12-23 10:01:25 Running [App\Http\Controllers\ActivityController@autoApprove] ..................... 1,194ms FAIL


  2024-12-23 10:06:01 Running [App\Http\Controllers\ActivityController@autoApprove] ........................ 15ms FAIL


  2024-12-23 10:11:01 Running [App\Http\Controllers\ActivityController@autoApprove] ........................ 53ms FAIL


  2024-12-23 10:16:01 Running [App\Http\Controllers\ActivityController@autoApprove] ........................ 36ms FAIL


  2024-12-23 10:21:01 Running [App\Http\Controllers\ActivityController@autoApprove] ........................ 22ms FAIL


  2024-12-23 10:26:01 Running [App\Http\Controllers\ActivityController@autoApprove] ........................ 35ms FAIL


  2024-12-23 10:31:01 Running [App\Http\Controllers\ActivityController@autoApprove] ........................ 26ms FAIL


  2024-12-23 10:36:01 Running [App\Http\Controllers\ActivityController@autoApprove] ........................ 30ms FAIL


  2024-12-23 10:41:01 Running [App\Http\Controllers\ActivityController@autoApprove] ........................ 41ms FAIL


  2024-12-23 10:46:01 Running [App\Http\Controllers\ActivityController@autoApprove] ........................ 33ms FAIL


  2024-12-23 10:51:01 Running [App\Http\Controllers\ActivityController@autoApprove] ........................ 40ms FAIL


  2024-12-23 10:56:01 Running [App\Http\Controllers\ActivityController@autoApprove] ........................ 32ms FAIL


  2024-12-23 11:01:01 Running [App\Http\Controllers\ActivityController@autoApprove] ........................ 39ms FAIL


  2024-12-23 11:06:01 Running [App\Http\Controllers\ActivityController@autoApprove] ........................ 46ms FAIL


  2024-12-23 11:11:01 Running [App\Http\Controllers\ActivityController@autoApprove] ........................ 34ms FAIL


  2024-12-23 11:16:01 Running [App\Http\Controllers\ActivityController@autoApprove] ........................ 57ms FAIL


  2024-12-23 11:21:01 Running [App\Http\Controllers\ActivityController@autoApprove] ........................ 34ms FAIL


  2024-12-23 11:26:01 Running [App\Http\Controllers\ActivityController@autoApprove] ........................ 36ms FAIL


  2024-12-23 11:31:01 Running [App\Http\Controllers\ActivityController@autoApprove] ........................ 23ms FAIL


  2024-12-23 11:36:01 Running [App\Http\Controllers\ActivityController@autoApprove] ........................ 37ms FAIL


  2024-12-23 11:41:32 Running [App\Http\Controllers\ActivityController@autoApprove] ........................ 32ms FAIL


  2024-12-23 11:46:22 Running [App\Http\Controllers\ActivityController@autoApprove] ........................ 27ms FAIL


  2024-12-23 11:51:01 Running [App\Http\Controllers\ActivityController@autoApprove] ........................ 36ms FAIL


  2024-12-23 11:56:00 Running [App\Http\Controllers\ActivityController@autoApprove] ........................ 28ms FAIL


  2024-12-23 12:01:17 Running [App\Http\Controllers\ActivityController@autoApprove] ........................ 30ms FAIL


  2024-12-23 12:06:01 Running [App\Http\Controllers\ActivityController@autoApprove] ........................ 29ms FAIL


  2024-12-23 12:11:01 Running [App\Http\Controllers\ActivityController@autoApprove] ........................ 32ms FAIL


  2024-12-23 12:16:01 Running [App\Http\Controllers\ActivityController@autoApprove] ........................ 24ms FAIL


  2024-12-23 12:21:01 Running [App\Http\Controllers\ActivityController@autoApprove] ........................ 20ms FAIL


  2024-12-23 12:26:01 Running [App\Http\Controllers\ActivityController@autoApprove] ........................ 27ms FAIL


  2024-12-23 12:31:01 Running [App\Http\Controllers\ActivityController@autoApprove] ........................ 24ms FAIL


  2024-12-23 12:36:01 Running [App\Http\Controllers\ActivityController@autoApprove] ........................ 25ms FAIL


  2024-12-23 12:41:01 Running [App\Http\Controllers\ActivityController@autoApprove] ........................ 26ms FAIL


  2024-12-23 12:46:01 Running [App\Http\Controllers\ActivityController@autoApprove] ........................ 20ms FAIL


  2024-12-23 12:51:01 Running [App\Http\Controllers\ActivityController@autoApprove] ........................ 16ms FAIL


  2024-12-23 12:56:01 Running [App\Http\Controllers\ActivityController@autoApprove] ....................... 224ms FAIL


  2024-12-23 13:01:01 Running [App\Http\Controllers\ActivityController@autoApprove] ........................ 21ms FAIL


  2024-12-23 13:06:01 Running [App\Http\Controllers\ActivityController@autoApprove] ........................ 21ms FAIL


  2024-12-23 13:11:01 Running [App\Http\Controllers\ActivityController@autoApprove] ........................ 32ms FAIL


  2024-12-23 13:16:01 Running [App\Http\Controllers\ActivityController@autoApprove] ........................ 33ms FAIL


  2024-12-23 13:21:01 Running [App\Http\Controllers\ActivityController@autoApprove] ........................ 48ms FAIL


  2024-12-24 07:08:54 Running [App\Http\Controllers\ActivityController@autoApprove] ........................ 55ms FAIL


  2024-12-24 07:11:01 Running [App\Http\Controllers\ActivityController@autoApprove] ........................ 19ms FAIL


  2024-12-24 07:16:01 Running [App\Http\Controllers\ActivityController@autoApprove] ........................ 21ms FAIL


  2024-12-24 07:21:03 Running [App\Http\Controllers\ActivityController@autoApprove] ........................ 17ms FAIL


  2024-12-24 07:26:01 Running [App\Http\Controllers\ActivityController@autoApprove] ........................ 21ms FAIL


  2024-12-24 07:31:19 Running [App\Http\Controllers\ActivityController@autoApprove] ..................... 1,320ms FAIL


  2024-12-24 07:36:01 Running [App\Http\Controllers\ActivityController@autoApprove] ........................ 22ms FAIL


  2024-12-24 07:41:01 Running [App\Http\Controllers\ActivityController@autoApprove] ........................ 21ms FAIL


  2024-12-24 07:46:01 Running [App\Http\Controllers\ActivityController@autoApprove] ........................ 19ms FAIL


  2024-12-24 07:51:01 Running [App\Http\Controllers\ActivityController@autoApprove] ........................ 22ms FAIL


  2024-12-24 07:56:01 Running [App\Http\Controllers\ActivityController@autoApprove] ........................ 16ms FAIL


  2024-12-24 08:01:01 Running [App\Http\Controllers\ActivityController@autoApprove] ........................ 18ms FAIL


  2024-12-24 08:06:01 Running [App\Http\Controllers\ActivityController@autoApprove] ........................ 21ms FAIL


  2024-12-24 08:16:01 Running [App\Http\Controllers\ActivityController@autoApprove] ........................ 24ms FAIL


  2024-12-24 08:21:33 Running [App\Http\Controllers\ActivityController@autoApprove] ........................ 17ms FAIL


  2024-12-24 08:26:01 Running [App\Http\Controllers\ActivityController@autoApprove] ........................ 15ms FAIL


  2024-12-24 08:31:00 Running [App\Http\Controllers\ActivityController@autoApprove] ........................ 23ms FAIL


  2024-12-24 08:36:29 Running [App\Http\Controllers\ActivityController@autoApprove] ........................ 20ms FAIL


  2024-12-24 08:41:01 Running [App\Http\Controllers\ActivityController@autoApprove] ........................ 19ms FAIL


  2024-12-24 08:46:01 Running [App\Http\Controllers\ActivityController@autoApprove] ........................ 15ms FAIL


  2024-12-24 08:51:01 Running [App\Http\Controllers\ActivityController@autoApprove] ........................ 21ms FAIL


  2024-12-24 09:51:06 Running [App\Http\Controllers\ActivityController@autoApprove] ........................ 30ms FAIL


  2024-12-24 10:15:28 Running [App\Http\Controllers\ActivityController@autoApprove] ........................ 18ms FAIL


  2024-12-24 10:16:15 Running [App\Http\Controllers\ActivityController@autoApprove] ....................... 845ms FAIL


  2024-12-24 10:21:01 Running [App\Http\Controllers\ActivityController@autoApprove] ........................ 25ms FAIL


  2024-12-24 10:26:31 Running [App\Http\Controllers\ActivityController@autoApprove] ........................ 14ms FAIL


  2024-12-24 10:31:01 Running [App\Http\Controllers\ActivityController@autoApprove] ........................ 17ms FAIL


  2024-12-24 10:36:01 Running [App\Http\Controllers\ActivityController@autoApprove] ........................ 24ms FAIL


  2024-12-24 10:41:01 Running [App\Http\Controllers\ActivityController@autoApprove] ........................ 17ms FAIL


  2024-12-24 10:46:01 Running [App\Http\Controllers\ActivityController@autoApprove] ........................ 33ms FAIL


  2024-12-24 10:51:01 Running [App\Http\Controllers\ActivityController@autoApprove] ........................ 17ms FAIL


  2024-12-24 10:56:01 Running [App\Http\Controllers\ActivityController@autoApprove] ........................ 25ms FAIL


  2024-12-25 04:59:16 Running [App\Http\Controllers\ActivityController@autoApprove] ....................... 490ms FAIL


  2024-12-25 05:01:03 Running [App\Http\Controllers\ActivityController@autoApprove] ........................ 15ms FAIL


  2024-12-25 05:06:01 Running [App\Http\Controllers\ActivityController@autoApprove] ........................ 27ms FAIL


  2024-12-25 05:11:00 Running [App\Http\Controllers\ActivityController@autoApprove] ........................ 18ms FAIL


  2024-12-25 05:16:01 Running [App\Http\Controllers\ActivityController@autoApprove] ........................ 21ms FAIL


  2024-12-25 05:21:01 Running [App\Http\Controllers\ActivityController@autoApprove] ........................ 18ms FAIL


  2024-12-25 05:26:01 Running [App\Http\Controllers\ActivityController@autoApprove] ........................ 20ms FAIL


  2024-12-25 05:31:01 Running [App\Http\Controllers\ActivityController@autoApprove] ........................ 19ms FAIL


  2024-12-25 05:36:01 Running [App\Http\Controllers\ActivityController@autoApprove] ........................ 19ms FAIL


  2024-12-25 06:52:35 Running [App\Http\Controllers\ActivityController@autoApprove] ........................ 29ms FAIL


  2024-12-25 06:56:01 Running [App\Http\Controllers\ActivityController@autoApprove] ........................ 20ms FAIL


  2024-12-25 06:57:32 Running [App\Http\Controllers\ActivityController@autoApprove] ........................ 24ms FAIL


  2024-12-25 07:01:01 Running [App\Http\Controllers\ActivityController@autoApprove] ........................ 36ms FAIL


  2024-12-25 07:02:32 Running [App\Http\Controllers\ActivityController@autoApprove] ........................ 19ms FAIL


  2024-12-25 07:06:01 Running [App\Http\Controllers\ActivityController@autoApprove] ....................... 105ms FAIL


  2024-12-25 07:07:33 Running [App\Http\Controllers\ActivityController@autoApprove] ........................ 64ms FAIL


  2024-12-25 07:11:01 Running [App\Http\Controllers\ActivityController@autoApprove] ....................... 255ms FAIL


  2024-12-25 07:12:32 Running [App\Http\Controllers\ActivityController@autoApprove] ........................ 16ms FAIL


  2024-12-25 07:16:01 Running [App\Http\Controllers\ActivityController@autoApprove] ........................ 23ms FAIL


  2024-12-25 07:17:32 Running [App\Http\Controllers\ActivityController@autoApprove] ........................ 21ms FAIL


  2024-12-25 07:21:01 Running [App\Http\Controllers\ActivityController@autoApprove] ........................ 23ms FAIL


  2024-12-25 07:22:33 Running [App\Http\Controllers\ActivityController@autoApprove] ........................ 27ms FAIL


  2024-12-25 07:26:01 Running [App\Http\Controllers\ActivityController@autoApprove] ........................ 20ms FAIL


  2024-12-25 07:27:32 Running [App\Http\Controllers\ActivityController@autoApprove] ........................ 40ms FAIL


  2024-12-25 07:31:01 Running [App\Http\Controllers\ActivityController@autoApprove] ........................ 31ms FAIL


  2024-12-25 07:32:32 Running [App\Http\Controllers\ActivityController@autoApprove] ........................ 27ms FAIL


  2024-12-25 07:36:01 Running [App\Http\Controllers\ActivityController@autoApprove] ........................ 14ms FAIL


  2024-12-25 07:37:33 Running [App\Http\Controllers\ActivityController@autoApprove] ........................ 61ms FAIL


  2024-12-25 07:41:01 Running [App\Http\Controllers\ActivityController@autoApprove] ........................ 51ms FAIL


  2024-12-25 07:42:32 Running [App\Http\Controllers\ActivityController@autoApprove] ........................ 27ms FAIL


  2024-12-25 07:46:01 Running [App\Http\Controllers\ActivityController@autoApprove] ........................ 42ms FAIL


  2024-12-25 07:47:32 Running [App\Http\Controllers\ActivityController@autoApprove] ........................ 35ms FAIL


  2024-12-25 07:51:02 Running [App\Http\Controllers\ActivityController@autoApprove] ........................ 38ms FAIL


  2024-12-25 07:52:32 Running [App\Http\Controllers\ActivityController@autoApprove] ........................ 33ms FAIL


  2024-12-25 07:56:01 Running [App\Http\Controllers\ActivityController@autoApprove] ........................ 34ms FAIL


  2024-12-25 07:57:32 Running [App\Http\Controllers\ActivityController@autoApprove] ........................ 31ms FAIL


  2024-12-25 08:01:01 Running [App\Http\Controllers\ActivityController@autoApprove] ........................ 29ms FAIL


  2024-12-25 08:02:33 Running [App\Http\Controllers\ActivityController@autoApprove] ........................ 35ms FAIL


  2024-12-25 08:57:43 Running [App\Http\Controllers\ActivityController@autoApprove] ........................ 41ms FAIL


  2024-12-25 09:01:01 Running [App\Http\Controllers\ActivityController@autoApprove] ........................ 21ms FAIL


  2024-12-25 09:02:32 Running [App\Http\Controllers\ActivityController@autoApprove] ........................ 21ms FAIL


  2024-12-25 09:06:01 Running [App\Http\Controllers\ActivityController@autoApprove] ........................ 21ms FAIL


  2024-12-25 09:07:32 Running [App\Http\Controllers\ActivityController@autoApprove] ........................ 22ms FAIL


  2024-12-25 09:11:01 Running [App\Http\Controllers\ActivityController@autoApprove] ........................ 21ms FAIL


  2024-12-25 09:12:32 Running [App\Http\Controllers\ActivityController@autoApprove] ........................ 18ms FAIL


  2024-12-25 09:16:01 Running [App\Http\Controllers\ActivityController@autoApprove] ........................ 21ms FAIL


  2024-12-25 09:17:32 Running [App\Http\Controllers\ActivityController@autoApprove] ........................ 15ms FAIL


  2024-12-25 09:21:01 Running [App\Http\Controllers\ActivityController@autoApprove] ........................ 22ms FAIL


  2024-12-25 09:22:48 Running [App\Http\Controllers\ActivityController@autoApprove] ........................ 22ms FAIL


  2024-12-25 09:26:04 Running [App\Http\Controllers\ActivityController@autoApprove] ........................ 22ms FAIL


  2024-12-25 09:27:32 Running [App\Http\Controllers\ActivityController@autoApprove] ........................ 16ms FAIL


  2024-12-25 09:31:01 Running [App\Http\Controllers\ActivityController@autoApprove] ........................ 21ms FAIL


  2024-12-25 09:32:32 Running [App\Http\Controllers\ActivityController@autoApprove] ........................ 19ms FAIL


  2024-12-25 09:36:01 Running [App\Http\Controllers\ActivityController@autoApprove] ........................ 20ms FAIL


  2024-12-25 09:37:32 Running [App\Http\Controllers\ActivityController@autoApprove] ........................ 16ms FAIL


  2024-12-25 09:41:01 Running [App\Http\Controllers\ActivityController@autoApprove] ........................ 23ms FAIL


  2024-12-25 09:42:32 Running [App\Http\Controllers\ActivityController@autoApprove] ........................ 19ms FAIL


  2024-12-25 09:46:01 Running [App\Http\Controllers\ActivityController@autoApprove] ........................ 19ms FAIL


  2024-12-25 09:47:32 Running [App\Http\Controllers\ActivityController@autoApprove] ........................ 18ms FAIL


  2024-12-25 09:51:01 Running [App\Http\Controllers\ActivityController@autoApprove] ........................ 34ms FAIL


  2024-12-25 09:52:32 Running [App\Http\Controllers\ActivityController@autoApprove] ........................ 31ms FAIL


  2024-12-25 09:56:01 Running [App\Http\Controllers\ActivityController@autoApprove] ........................ 31ms FAIL


  2024-12-25 09:58:23 Running [App\Http\Controllers\ActivityController@autoApprove] ........................ 27ms FAIL


  2024-12-25 10:44:19 Running [App\Http\Controllers\ActivityController@autoApprove] ........................ 40ms FAIL


  2024-12-25 10:46:01 Running [App\Http\Controllers\ActivityController@autoApprove] ........................ 21ms FAIL


  2024-12-25 10:47:32 Running [App\Http\Controllers\ActivityController@autoApprove] ........................ 20ms FAIL


  2024-12-25 10:51:01 Running [App\Http\Controllers\ActivityController@autoApprove] ........................ 15ms FAIL


  2024-12-25 10:52:32 Running [App\Http\Controllers\ActivityController@autoApprove] ........................ 17ms FAIL


  2024-12-25 10:56:00 Running [App\Http\Controllers\ActivityController@autoApprove] ........................ 15ms FAIL


  2024-12-25 10:57:32 Running [App\Http\Controllers\ActivityController@autoApprove] ........................ 30ms FAIL


  2024-12-25 11:01:01 Running [App\Http\Controllers\ActivityController@autoApprove] ........................ 42ms FAIL


  2024-12-25 11:02:32 Running [App\Http\Controllers\ActivityController@autoApprove] ........................ 27ms FAIL


  2024-12-25 11:06:01 Running [App\Http\Controllers\ActivityController@autoApprove] ........................ 12ms FAIL


  2024-12-25 11:07:32 Running [App\Http\Controllers\ActivityController@autoApprove] ........................ 17ms FAIL


  2024-12-25 11:11:01 Running [App\Http\Controllers\ActivityController@autoApprove] ........................ 21ms FAIL


  2024-12-25 11:12:32 Running [App\Http\Controllers\ActivityController@autoApprove] ........................ 19ms FAIL


  2024-12-25 11:16:01 Running [App\Http\Controllers\ActivityController@autoApprove] ........................ 19ms FAIL


  2024-12-25 11:17:32 Running [App\Http\Controllers\ActivityController@autoApprove] ........................ 21ms FAIL


  2024-12-25 11:21:01 Running [App\Http\Controllers\ActivityController@autoApprove] ........................ 19ms FAIL


  2024-12-25 11:22:32 Running [App\Http\Controllers\ActivityController@autoApprove] ........................ 21ms FAIL


  2024-12-25 11:26:01 Running [App\Http\Controllers\ActivityController@autoApprove] ........................ 16ms FAIL


  2024-12-25 11:27:32 Running [App\Http\Controllers\ActivityController@autoApprove] ........................ 23ms FAIL


  2024-12-25 11:31:01 Running [App\Http\Controllers\ActivityController@autoApprove] ........................ 24ms FAIL


  2024-12-25 11:32:32 Running [App\Http\Controllers\ActivityController@autoApprove] ........................ 18ms FAIL


  2024-12-25 11:36:01 Running [App\Http\Controllers\ActivityController@autoApprove] ........................ 18ms FAIL


  2024-12-25 11:37:32 Running [App\Http\Controllers\ActivityController@autoApprove] ........................ 18ms FAIL


  2024-12-25 11:41:01 Running [App\Http\Controllers\ActivityController@autoApprove] ........................ 16ms FAIL


  2024-12-25 11:42:32 Running [App\Http\Controllers\ActivityController@autoApprove] ........................ 21ms FAIL


  2024-12-25 11:46:01 Running [App\Http\Controllers\ActivityController@autoApprove] ........................ 20ms FAIL


  2024-12-25 11:47:32 Running [App\Http\Controllers\ActivityController@autoApprove] ........................ 19ms FAIL


  2024-12-27 06:42:53 Running [App\Http\Controllers\ActivityController@autoApprove] ....................... 942ms FAIL


  2024-12-27 06:46:00 Running [App\Http\Controllers\ActivityController@autoApprove] ........................ 11ms FAIL


  2024-12-27 06:47:32 Running [App\Http\Controllers\ActivityController@autoApprove] ........................ 32ms FAIL


  2024-12-27 06:51:00 Running [App\Http\Controllers\ActivityController@autoApprove] ........................ 14ms FAIL


  2024-12-27 06:56:01 Running [App\Http\Controllers\ActivityController@autoApprove] ........................ 33ms FAIL


  2024-12-27 06:57:32 Running [App\Http\Controllers\ActivityController@autoApprove] ........................ 22ms FAIL


  2024-12-27 07:01:01 Running [App\Http\Controllers\ActivityController@autoApprove] ........................ 20ms FAIL


  2024-12-27 07:02:32 Running [App\Http\Controllers\ActivityController@autoApprove] ........................ 22ms FAIL


  2024-12-27 07:06:17 Running [App\Http\Controllers\ActivityController@autoApprove] ....................... 820ms FAIL


  2024-12-27 07:07:32 Running [App\Http\Controllers\ActivityController@autoApprove] ........................ 19ms FAIL


  2024-12-27 07:11:19 Running [App\Http\Controllers\ActivityController@autoApprove] ..................... 1,122ms FAIL


  2024-12-27 07:12:32 Running [App\Http\Controllers\ActivityController@autoApprove] ........................ 21ms FAIL


  2024-12-27 07:16:01 Running [App\Http\Controllers\ActivityController@autoApprove] ........................ 22ms FAIL


  2024-12-27 07:17:32 Running [App\Http\Controllers\ActivityController@autoApprove] ........................ 23ms FAIL


  2024-12-27 07:21:01 Running [App\Http\Controllers\ActivityController@autoApprove] ........................ 15ms FAIL


  2024-12-27 07:22:32 Running [App\Http\Controllers\ActivityController@autoApprove] ........................ 14ms FAIL


  2024-12-27 07:26:01 Running [App\Http\Controllers\ActivityController@autoApprove] ........................ 18ms FAIL


  2024-12-27 07:27:32 Running [App\Http\Controllers\ActivityController@autoApprove] ........................ 16ms FAIL


  2024-12-27 07:31:01 Running [App\Http\Controllers\ActivityController@autoApprove] ........................ 20ms FAIL


  2024-12-27 07:32:32 Running [App\Http\Controllers\ActivityController@autoApprove] ........................ 12ms FAIL


  2024-12-27 07:36:01 Running [App\Http\Controllers\ActivityController@autoApprove] ........................ 17ms FAIL


  2024-12-27 07:37:32 Running [App\Http\Controllers\ActivityController@autoApprove] ........................ 30ms FAIL


  2024-12-27 07:41:01 Running [App\Http\Controllers\ActivityController@autoApprove] ........................ 28ms FAIL


  2024-12-27 07:42:32 Running [App\Http\Controllers\ActivityController@autoApprove] ........................ 18ms FAIL


  2024-12-27 07:46:01 Running [App\Http\Controllers\ActivityController@autoApprove] ........................ 22ms FAIL


  2024-12-27 07:47:32 Running [App\Http\Controllers\ActivityController@autoApprove] ........................ 17ms FAIL


  2024-12-27 07:51:01 Running [App\Http\Controllers\ActivityController@autoApprove] ........................ 30ms FAIL


  2024-12-27 07:52:32 Running [App\Http\Controllers\ActivityController@autoApprove] ........................ 27ms FAIL


  2024-12-27 07:56:01 Running [App\Http\Controllers\ActivityController@autoApprove] ........................ 30ms FAIL


  2024-12-27 07:57:32 Running [App\Http\Controllers\ActivityController@autoApprove] ........................ 30ms FAIL


  2024-12-27 08:01:01 Running [App\Http\Controllers\ActivityController@autoApprove] ........................ 24ms FAIL


  2024-12-27 13:53:27 Running [App\Http\Controllers\ActivityController@autoApprove] ........................ 35ms FAIL


  2024-12-27 13:56:01 Running [App\Http\Controllers\ActivityController@autoApprove] ........................ 29ms FAIL


  2024-12-27 13:57:32 Running [App\Http\Controllers\ActivityController@autoApprove] ........................ 27ms FAIL


  2024-12-27 14:01:01 Running [App\Http\Controllers\ActivityController@autoApprove] ........................ 47ms FAIL


  2024-12-27 14:02:32 Running [App\Http\Controllers\ActivityController@autoApprove] ........................ 28ms FAIL


  2024-12-27 14:06:01 Running [App\Http\Controllers\ActivityController@autoApprove] ........................ 22ms FAIL


  2024-12-27 14:07:53 Running [App\Http\Controllers\ActivityController@autoApprove] ..................... 1,447ms FAIL


  2024-12-27 14:11:27 Running [App\Http\Controllers\ActivityController@autoApprove] ..................... 1,980ms FAIL


  2024-12-27 14:12:32 Running [App\Http\Controllers\ActivityController@autoApprove] ........................ 22ms FAIL


  2024-12-27 14:16:01 Running [App\Http\Controllers\ActivityController@autoApprove] ........................ 30ms FAIL


  2024-12-27 14:17:32 Running [App\Http\Controllers\ActivityController@autoApprove] ........................ 29ms FAIL


  2024-12-27 14:21:01 Running [App\Http\Controllers\ActivityController@autoApprove] ........................ 35ms FAIL


  2024-12-27 14:22:32 Running [App\Http\Controllers\ActivityController@autoApprove] ........................ 23ms FAIL


  2024-12-27 14:26:01 Running [App\Http\Controllers\ActivityController@autoApprove] ........................ 20ms FAIL


  2024-12-27 14:27:32 Running [App\Http\Controllers\ActivityController@autoApprove] ........................ 23ms FAIL


  2024-12-27 14:31:01 Running [App\Http\Controllers\ActivityController@autoApprove] ........................ 17ms FAIL


  2024-12-27 14:32:32 Running [App\Http\Controllers\ActivityController@autoApprove] ........................ 28ms FAIL


  2024-12-27 14:36:01 Running [App\Http\Controllers\ActivityController@autoApprove] ........................ 17ms FAIL


  2024-12-27 14:37:32 Running [App\Http\Controllers\ActivityController@autoApprove] ........................ 17ms FAIL


  2024-12-27 14:41:01 Running [App\Http\Controllers\ActivityController@autoApprove] ........................ 30ms FAIL


  2024-12-27 14:42:32 Running [App\Http\Controllers\ActivityController@autoApprove] ........................ 20ms FAIL


  2024-12-27 14:46:01 Running [App\Http\Controllers\ActivityController@autoApprove] ........................ 23ms FAIL


  2024-12-27 14:47:32 Running [App\Http\Controllers\ActivityController@autoApprove] ........................ 19ms FAIL


  2024-12-27 14:51:01 Running [App\Http\Controllers\ActivityController@autoApprove] ........................ 21ms FAIL


  2024-12-27 14:52:32 Running [App\Http\Controllers\ActivityController@autoApprove] ........................ 15ms FAIL


  2024-12-27 14:56:01 Running [App\Http\Controllers\ActivityController@autoApprove] ........................ 21ms FAIL


  2024-12-27 14:57:32 Running [App\Http\Controllers\ActivityController@autoApprove] ........................ 24ms FAIL


  2024-12-27 15:01:01 Running [App\Http\Controllers\ActivityController@autoApprove] ........................ 26ms FAIL


  2024-12-27 15:02:32 Running [App\Http\Controllers\ActivityController@autoApprove] ........................ 22ms FAIL


  2024-12-27 15:06:01 Running [App\Http\Controllers\ActivityController@autoApprove] ........................ 21ms FAIL


  2024-12-27 15:07:32 Running [App\Http\Controllers\ActivityController@autoApprove] ........................ 21ms FAIL


  2024-12-27 15:11:01 Running [App\Http\Controllers\ActivityController@autoApprove] ........................ 25ms FAIL


  2024-12-27 15:12:32 Running [App\Http\Controllers\ActivityController@autoApprove] ........................ 22ms FAIL


  2024-12-27 15:16:01 Running [App\Http\Controllers\ActivityController@autoApprove] ........................ 23ms FAIL


  2024-12-27 15:17:32 Running [App\Http\Controllers\ActivityController@autoApprove] ........................ 22ms FAIL


  2024-12-27 15:21:01 Running [App\Http\Controllers\ActivityController@autoApprove] ........................ 23ms FAIL


  2024-12-27 15:22:32 Running [App\Http\Controllers\ActivityController@autoApprove] ........................ 23ms FAIL


  2024-12-27 15:26:01 Running [App\Http\Controllers\ActivityController@autoApprove] ........................ 20ms FAIL


  2024-12-27 15:27:32 Running [App\Http\Controllers\ActivityController@autoApprove] ........................ 20ms FAIL


  2024-12-27 15:31:01 Running [App\Http\Controllers\ActivityController@autoApprove] ........................ 21ms FAIL


  2024-12-27 15:32:32 Running [App\Http\Controllers\ActivityController@autoApprove] ........................ 20ms FAIL


  2024-12-27 15:36:01 Running [App\Http\Controllers\ActivityController@autoApprove] ........................ 22ms FAIL


  2024-12-27 15:37:32 Running [App\Http\Controllers\ActivityController@autoApprove] ........................ 23ms FAIL


  2024-12-27 15:41:01 Running [App\Http\Controllers\ActivityController@autoApprove] ........................ 24ms FAIL


  2024-12-27 15:42:32 Running [App\Http\Controllers\ActivityController@autoApprove] ........................ 21ms FAIL


  2024-12-27 15:46:01 Running [App\Http\Controllers\ActivityController@autoApprove] ........................ 19ms FAIL


  2024-12-27 15:47:32 Running [App\Http\Controllers\ActivityController@autoApprove] ........................ 18ms FAIL


  2024-12-27 15:51:01 Running [App\Http\Controllers\ActivityController@autoApprove] ........................ 20ms FAIL


  2024-12-27 15:52:32 Running [App\Http\Controllers\ActivityController@autoApprove] ........................ 21ms FAIL


  2024-12-27 15:56:01 Running [App\Http\Controllers\ActivityController@autoApprove] ........................ 23ms FAIL


  2024-12-27 15:57:32 Running [App\Http\Controllers\ActivityController@autoApprove] ........................ 22ms FAIL


  2024-12-27 16:01:01 Running [App\Http\Controllers\ActivityController@autoApprove] ........................ 48ms FAIL


  2024-12-27 16:02:32 Running [App\Http\Controllers\ActivityController@autoApprove] ........................ 21ms FAIL


  2024-12-27 18:01:30 Running [App\Http\Controllers\ActivityController@autoApprove] ........................ 17ms FAIL


  2024-12-27 18:02:32 Running [App\Http\Controllers\ActivityController@autoApprove] ........................ 16ms FAIL


  2024-12-27 18:06:01 Running [App\Http\Controllers\ActivityController@autoApprove] ........................ 18ms FAIL


  2024-12-27 18:07:32 Running [App\Http\Controllers\ActivityController@autoApprove] ........................ 17ms FAIL


  2024-12-27 18:11:01 Running [App\Http\Controllers\ActivityController@autoApprove] ........................ 16ms FAIL


  2024-12-27 18:12:32 Running [App\Http\Controllers\ActivityController@autoApprove] ........................ 13ms FAIL


  2024-12-27 18:16:01 Running [App\Http\Controllers\ActivityController@autoApprove] ........................ 16ms FAIL


  2024-12-27 18:17:32 Running [App\Http\Controllers\ActivityController@autoApprove] ........................ 14ms FAIL


  2024-12-27 18:21:01 Running [App\Http\Controllers\ActivityController@autoApprove] ........................ 19ms FAIL


  2024-12-27 18:22:32 Running [App\Http\Controllers\ActivityController@autoApprove] ........................ 19ms FAIL


  2024-12-27 18:26:01 Running [App\Http\Controllers\ActivityController@autoApprove] ........................ 21ms FAIL


  2024-12-27 18:27:32 Running [App\Http\Controllers\ActivityController@autoApprove] ........................ 20ms FAIL


  2024-12-27 18:31:01 Running [App\Http\Controllers\ActivityController@autoApprove] ........................ 17ms FAIL


  2024-12-27 18:32:32 Running [App\Http\Controllers\ActivityController@autoApprove] ........................ 13ms FAIL


  2024-12-27 18:36:01 Running [App\Http\Controllers\ActivityController@autoApprove] ........................ 16ms FAIL


  2024-12-27 18:37:32 Running [App\Http\Controllers\ActivityController@autoApprove] ........................ 25ms FAIL


  2024-12-27 18:41:01 Running [App\Http\Controllers\ActivityController@autoApprove] ........................ 16ms FAIL


  2024-12-27 18:42:32 Running [App\Http\Controllers\ActivityController@autoApprove] ........................ 14ms FAIL


  2024-12-27 18:46:01 Running [App\Http\Controllers\ActivityController@autoApprove] ........................ 13ms FAIL


  2024-12-27 18:47:32 Running [App\Http\Controllers\ActivityController@autoApprove] ........................ 19ms FAIL


  2024-12-27 18:51:01 Running [App\Http\Controllers\ActivityController@autoApprove] ........................ 16ms FAIL


  2024-12-27 18:52:32 Running [App\Http\Controllers\ActivityController@autoApprove] ........................ 12ms FAIL


  2024-12-28 00:16:01 Running [App\Http\Controllers\ActivityController@autoApprove] ........................ 70ms FAIL


  2024-12-28 00:17:32 Running [App\Http\Controllers\ActivityController@autoApprove] ........................ 15ms FAIL


  2024-12-28 00:21:01 Running [App\Http\Controllers\ActivityController@autoApprove] ........................ 15ms FAIL


  2024-12-28 00:22:32 Running [App\Http\Controllers\ActivityController@autoApprove] ........................ 23ms FAIL


  2024-12-28 00:26:01 Running [App\Http\Controllers\ActivityController@autoApprove] ........................ 22ms FAIL


  2024-12-28 00:27:32 Running [App\Http\Controllers\ActivityController@autoApprove] ........................ 21ms FAIL


  2024-12-28 00:31:01 Running [App\Http\Controllers\ActivityController@autoApprove] ........................ 20ms FAIL


  2024-12-28 00:32:32 Running [App\Http\Controllers\ActivityController@autoApprove] ....................... 176ms FAIL


  2024-12-28 00:36:01 Running [App\Http\Controllers\ActivityController@autoApprove] ........................ 24ms FAIL


  2024-12-28 00:37:32 Running [App\Http\Controllers\ActivityController@autoApprove] ........................ 15ms FAIL


  2024-12-28 00:41:01 Running [App\Http\Controllers\ActivityController@autoApprove] ........................ 19ms FAIL


  2024-12-28 00:42:32 Running [App\Http\Controllers\ActivityController@autoApprove] ........................ 19ms FAIL


  2024-12-28 00:46:01 Running [App\Http\Controllers\ActivityController@autoApprove] ........................ 22ms FAIL


  2024-12-28 00:47:32 Running [App\Http\Controllers\ActivityController@autoApprove] ........................ 20ms FAIL


  2024-12-28 00:51:01 Running [App\Http\Controllers\ActivityController@autoApprove] ........................ 17ms FAIL


  2024-12-28 00:52:32 Running [App\Http\Controllers\ActivityController@autoApprove] ........................ 19ms FAIL


  2024-12-28 00:56:01 Running [App\Http\Controllers\ActivityController@autoApprove] ........................ 20ms FAIL


  2024-12-28 00:57:32 Running [App\Http\Controllers\ActivityController@autoApprove] ........................ 20ms FAIL


  2024-12-28 01:01:01 Running [App\Http\Controllers\ActivityController@autoApprove] ........................ 18ms FAIL


  2024-12-28 01:02:32 Running [App\Http\Controllers\ActivityController@autoApprove] ........................ 24ms FAIL


  2024-12-28 16:35:57 Running [App\Http\Controllers\ActivityController@autoApprove] ........................ 57ms FAIL


  2024-12-28 16:36:01 Running [App\Http\Controllers\ActivityController@autoApprove] ........................ 10ms FAIL


  2024-12-28 16:37:32 Running [App\Http\Controllers\ActivityController@autoApprove] ........................ 16ms FAIL


  2024-12-28 16:40:55 Running [App\Http\Controllers\ActivityController@autoApprove] ........................ 25ms FAIL


  2024-12-28 16:41:01 Running [App\Http\Controllers\ActivityController@autoApprove] ........................ 21ms FAIL


  2024-12-28 16:42:32 Running [App\Http\Controllers\ActivityController@autoApprove] ........................ 24ms FAIL


  2024-12-28 16:45:55 Running [App\Http\Controllers\ActivityController@autoApprove] ........................ 24ms FAIL


  2024-12-28 16:46:01 Running [App\Http\Controllers\ActivityController@autoApprove] ........................ 16ms FAIL


  2024-12-28 16:47:32 Running [App\Http\Controllers\ActivityController@autoApprove] ........................ 13ms FAIL


  2024-12-28 16:50:54 Running [App\Http\Controllers\ActivityController@autoApprove] ........................ 22ms FAIL


  2024-12-28 16:51:23 Running [App\Http\Controllers\ActivityController@autoApprove] ..................... 1,160ms FAIL


  2024-12-28 16:52:32 Running [App\Http\Controllers\ActivityController@autoApprove] ........................ 21ms FAIL


  2024-12-28 16:55:55 Running [App\Http\Controllers\ActivityController@autoApprove] ........................ 20ms FAIL


  2024-12-28 16:56:01 Running [App\Http\Controllers\ActivityController@autoApprove] ........................ 23ms FAIL


  2024-12-28 16:57:32 Running [App\Http\Controllers\ActivityController@autoApprove] ........................ 16ms FAIL


  2024-12-28 17:00:55 Running [App\Http\Controllers\ActivityController@autoApprove] ........................ 25ms FAIL


  2024-12-28 17:01:01 Running [App\Http\Controllers\ActivityController@autoApprove] ........................ 28ms FAIL


  2024-12-28 17:02:32 Running [App\Http\Controllers\ActivityController@autoApprove] ........................ 18ms FAIL


  2024-12-28 17:05:55 Running [App\Http\Controllers\ActivityController@autoApprove] ........................ 18ms FAIL


  2024-12-28 17:06:01 Running [App\Http\Controllers\ActivityController@autoApprove] ........................ 19ms FAIL


  2024-12-28 17:07:32 Running [App\Http\Controllers\ActivityController@autoApprove] ........................ 15ms FAIL


  2024-12-28 17:10:55 Running [App\Http\Controllers\ActivityController@autoApprove] ........................ 19ms FAIL


  2024-12-28 17:11:01 Running [App\Http\Controllers\ActivityController@autoApprove] ........................ 19ms FAIL


  2024-12-28 17:12:32 Running [App\Http\Controllers\ActivityController@autoApprove] ........................ 15ms FAIL


  2024-12-28 17:15:55 Running [App\Http\Controllers\ActivityController@autoApprove] ........................ 23ms FAIL


  2024-12-28 17:16:01 Running [App\Http\Controllers\ActivityController@autoApprove] ........................ 22ms FAIL


  2024-12-28 17:17:32 Running [App\Http\Controllers\ActivityController@autoApprove] ........................ 26ms FAIL


  2024-12-29 11:37:22 Running [App\Http\Controllers\ActivityController@autoApprove] ....................... 982ms FAIL


  2024-12-30 15:41:32 Running [App\Http\Controllers\ActivityController@autoApprove] ........................ 28ms FAIL


  2024-12-30 15:42:02 Running [App\Http\Controllers\ActivityController@autoApprove] ........................ 14ms FAIL


  2024-12-30 15:47:05 Running [App\Http\Controllers\ActivityController@autoApprove] ....................... 108ms FAIL


  2024-12-30 15:52:02 Running [App\Http\Controllers\ActivityController@autoApprove] ........................ 22ms FAIL

^C^C
  2024-12-30 16:07:08 Running [App\Http\Controllers\ActivityController@autoApprove] ..................... 1,181ms FAIL


  2024-12-30 16:12:02 Running [App\Http\Controllers\ActivityController@autoApprove] ........................ 11ms FAIL


  2024-12-30 16:17:02 Running [App\Http\Controllers\ActivityController@autoApprove] ........................ 12ms FAIL


  2024-12-30 16:22:02 Running [App\Http\Controllers\ActivityController@autoApprove] ........................ 15ms FAIL


  2024-12-30 16:27:02 Running [App\Http\Controllers\ActivityController@autoApprove] ........................ 12ms FAIL


  2024-12-30 16:32:02 Running [App\Http\Controllers\ActivityController@autoApprove] ........................ 12ms FAIL


  2024-12-30 16:37:02 Running [App\Http\Controllers\ActivityController@autoApprove] ........................ 17ms FAIL


  2024-12-30 16:42:02 Running [App\Http\Controllers\ActivityController@autoApprove] ........................ 15ms FAIL


  2025-01-06 03:42:22 Running [App\Http\Controllers\ActivityController@autoApprove] ..................... 2,030ms FAIL


  2025-01-06 03:47:02 Running [App\Http\Controllers\ActivityController@autoApprove] ........................ 20ms FAIL


  2025-01-06 03:52:02 Running [App\Http\Controllers\ActivityController@autoApprove] ........................ 36ms FAIL


  2025-01-06 03:57:02 Running [App\Http\Controllers\ActivityController@autoApprove] ........................ 25ms FAIL


  2025-01-06 04:02:02 Running [App\Http\Controllers\ActivityController@autoApprove] ........................ 31ms FAIL


  2025-01-06 04:07:02 Running [App\Http\Controllers\ActivityController@autoApprove] ........................ 16ms FAIL


  2025-01-06 04:12:02 Running [App\Http\Controllers\ActivityController@autoApprove] ........................ 24ms FAIL


  2025-01-06 04:17:02 Running [App\Http\Controllers\ActivityController@autoApprove] ........................ 33ms FAIL


  2025-01-06 04:22:55 Running [App\Http\Controllers\ActivityController@autoApprove] ........................ 84ms FAIL


  2025-01-06 04:27:02 Running [App\Http\Controllers\ActivityController@autoApprove] ........................ 32ms FAIL


  2025-01-06 04:32:02 Running [App\Http\Controllers\ActivityController@autoApprove] ........................ 55ms FAIL


  2025-01-06 04:37:02 Running [App\Http\Controllers\ActivityController@autoApprove] ........................ 36ms FAIL


  2025-01-06 04:42:03 Running [App\Http\Controllers\ActivityController@autoApprove] ........................ 38ms FAIL


  2025-01-06 04:47:03 Running [App\Http\Controllers\ActivityController@autoApprove] ........................ 65ms FAIL


  2025-01-06 04:52:02 Running [App\Http\Controllers\ActivityController@autoApprove] ........................ 33ms FAIL


  2025-01-06 04:57:03 Running [App\Http\Controllers\ActivityController@autoApprove] ........................ 57ms FAIL


  2025-01-06 05:02:03 Running [App\Http\Controllers\ActivityController@autoApprove] ........................ 80ms FAIL


  2025-01-06 05:07:03 Running [App\Http\Controllers\ActivityController@autoApprove] ....................... 112ms FAIL


  2025-01-06 05:12:03 Running [App\Http\Controllers\ActivityController@autoApprove] ........................ 66ms FAIL


  2025-01-06 05:17:03 Running [App\Http\Controllers\ActivityController@autoApprove] ........................ 79ms FAIL


  2025-01-06 05:22:02 Running [App\Http\Controllers\ActivityController@autoApprove] ........................ 41ms FAIL


  2025-01-06 05:27:02 Running [App\Http\Controllers\ActivityController@autoApprove] ........................ 34ms FAIL


  2025-01-06 05:32:02 Running [App\Http\Controllers\ActivityController@autoApprove] ........................ 30ms FAIL


  2025-01-06 05:37:02 Running [App\Http\Controllers\ActivityController@autoApprove] ........................ 37ms FAIL


  2025-01-06 05:42:02 Running [App\Http\Controllers\ActivityController@autoApprove] ........................ 43ms FAIL


  2025-01-06 05:47:02 Running [App\Http\Controllers\ActivityController@autoApprove] ........................ 41ms FAIL


  2025-01-06 05:50:50 Running [App\Http\Controllers\ActivityController@autoApprove] ........................ 60ms FAIL


  2025-01-06 05:52:02 Running [App\Http\Controllers\ActivityController@autoApprove] ........................ 32ms FAIL


  2025-01-06 05:55:50 Running [App\Http\Controllers\ActivityController@autoApprove] ........................ 33ms FAIL


  2025-01-06 05:57:02 Running [App\Http\Controllers\ActivityController@autoApprove] ........................ 22ms FAIL


  2025-01-06 06:00:49 Running [App\Http\Controllers\ActivityController@autoApprove] ........................ 21ms FAIL


  2025-01-06 06:02:02 Running [App\Http\Controllers\ActivityController@autoApprove] ........................ 19ms FAIL


  2025-01-06 06:05:49 Running [App\Http\Controllers\ActivityController@autoApprove] ........................ 17ms FAIL


  2025-01-06 06:07:02 Running [App\Http\Controllers\ActivityController@autoApprove] ........................ 23ms FAIL


  2025-01-06 06:10:50 Running [App\Http\Controllers\ActivityController@autoApprove] ........................ 17ms FAIL


  2025-01-06 06:12:02 Running [App\Http\Controllers\ActivityController@autoApprove] ........................ 25ms FAIL


  2025-01-06 06:15:50 Running [App\Http\Controllers\ActivityController@autoApprove] ........................ 57ms FAIL


  2025-01-06 06:17:02 Running [App\Http\Controllers\ActivityController@autoApprove] ........................ 16ms FAIL


  2025-01-06 06:20:50 Running [App\Http\Controllers\ActivityController@autoApprove] ........................ 24ms FAIL


  2025-01-06 06:22:02 Running [App\Http\Controllers\ActivityController@autoApprove] ........................ 27ms FAIL


  2025-01-06 06:25:50 Running [App\Http\Controllers\ActivityController@autoApprove] ........................ 30ms FAIL


  2025-01-06 06:27:02 Running [App\Http\Controllers\ActivityController@autoApprove] ........................ 20ms FAIL


  2025-01-06 06:30:50 Running [App\Http\Controllers\ActivityController@autoApprove] ........................ 30ms FAIL


  2025-01-06 06:32:02 Running [App\Http\Controllers\ActivityController@autoApprove] ........................ 22ms FAIL


  2025-01-06 06:35:50 Running [App\Http\Controllers\ActivityController@autoApprove] ........................ 60ms FAIL


  2025-01-06 06:37:02 Running [App\Http\Controllers\ActivityController@autoApprove] ........................ 21ms FAIL


  2025-01-06 06:40:50 Running [App\Http\Controllers\ActivityController@autoApprove] ........................ 24ms FAIL


  2025-01-06 06:42:02 Running [App\Http\Controllers\ActivityController@autoApprove] ........................ 23ms FAIL


  2025-01-06 06:45:50 Running [App\Http\Controllers\ActivityController@autoApprove] ........................ 62ms FAIL


  2025-01-06 06:47:03 Running [App\Http\Controllers\ActivityController@autoApprove] ........................ 34ms FAIL


  2025-01-06 06:50:50 Running [App\Http\Controllers\ActivityController@autoApprove] ........................ 32ms FAIL


  2025-01-06 06:52:02 Running [App\Http\Controllers\ActivityController@autoApprove] ........................ 42ms FAIL


  2025-01-06 06:55:51 Running [App\Http\Controllers\ActivityController@autoApprove] ........................ 73ms FAIL


  2025-01-06 06:57:02 Running [App\Http\Controllers\ActivityController@autoApprove] ........................ 31ms FAIL


  2025-01-06 07:00:50 Running [App\Http\Controllers\ActivityController@autoApprove] ........................ 52ms FAIL


  2025-01-06 07:02:02 Running [App\Http\Controllers\ActivityController@autoApprove] ........................ 20ms FAIL


  2025-01-06 07:05:50 Running [App\Http\Controllers\ActivityController@autoApprove] ........................ 31ms FAIL


  2025-01-06 07:07:02 Running [App\Http\Controllers\ActivityController@autoApprove] ........................ 21ms FAIL


  2025-01-06 07:10:49 Running [App\Http\Controllers\ActivityController@autoApprove] ........................ 18ms FAIL


  2025-01-06 07:12:02 Running [App\Http\Controllers\ActivityController@autoApprove] ........................ 20ms FAIL


  2025-01-06 07:15:49 Running [App\Http\Controllers\ActivityController@autoApprove] ........................ 22ms FAIL


  2025-01-06 07:17:02 Running [App\Http\Controllers\ActivityController@autoApprove] ........................ 18ms FAIL


  2025-01-06 07:20:50 Running [App\Http\Controllers\ActivityController@autoApprove] ........................ 21ms FAIL


  2025-01-06 07:22:02 Running [App\Http\Controllers\ActivityController@autoApprove] ........................ 21ms FAIL


  2025-01-06 07:25:50 Running [App\Http\Controllers\ActivityController@autoApprove] ........................ 26ms FAIL


  2025-01-06 07:27:02 Running [App\Http\Controllers\ActivityController@autoApprove] ........................ 23ms FAIL


  2025-01-06 07:30:50 Running [App\Http\Controllers\ActivityController@autoApprove] ........................ 19ms FAIL


  2025-01-06 07:32:02 Running [App\Http\Controllers\ActivityController@autoApprove] ........................ 25ms FAIL


  2025-01-06 07:35:50 Running [App\Http\Controllers\ActivityController@autoApprove] ........................ 19ms FAIL


  2025-01-06 07:37:02 Running [App\Http\Controllers\ActivityController@autoApprove] ........................ 21ms FAIL


  2025-01-06 07:40:50 Running [App\Http\Controllers\ActivityController@autoApprove] ........................ 60ms FAIL


  2025-01-06 07:42:03 Running [App\Http\Controllers\ActivityController@autoApprove] ........................ 80ms FAIL


  2025-01-06 07:45:50 Running [App\Http\Controllers\ActivityController@autoApprove] ........................ 53ms FAIL


  2025-01-06 07:47:03 Running [App\Http\Controllers\ActivityController@autoApprove] ........................ 54ms FAIL


  2025-01-06 07:50:50 Running [App\Http\Controllers\ActivityController@autoApprove] ........................ 55ms FAIL


  2025-01-06 07:52:03 Running [App\Http\Controllers\ActivityController@autoApprove] ....................... 122ms FAIL


  2025-01-06 07:55:50 Running [App\Http\Controllers\ActivityController@autoApprove] ........................ 49ms FAIL


  2025-01-06 07:57:03 Running [App\Http\Controllers\ActivityController@autoApprove] ........................ 72ms FAIL


  2025-01-06 08:00:50 Running [App\Http\Controllers\ActivityController@autoApprove] ........................ 65ms FAIL


  2025-01-06 08:02:03 Running [App\Http\Controllers\ActivityController@autoApprove] ........................ 44ms FAIL


  2025-01-06 08:05:50 Running [App\Http\Controllers\ActivityController@autoApprove] ........................ 28ms FAIL


  2025-01-06 08:07:02 Running [App\Http\Controllers\ActivityController@autoApprove] ........................ 22ms FAIL


  2025-01-06 08:10:50 Running [App\Http\Controllers\ActivityController@autoApprove] ........................ 69ms FAIL


  2025-01-06 08:12:02 Running [App\Http\Controllers\ActivityController@autoApprove] ........................ 87ms FAIL


  2025-01-06 08:15:50 Running [App\Http\Controllers\ActivityController@autoApprove] ........................ 27ms FAIL


  2025-01-06 08:17:02 Running [App\Http\Controllers\ActivityController@autoApprove] ........................ 24ms FAIL


  2025-01-06 08:20:50 Running [App\Http\Controllers\ActivityController@autoApprove] ........................ 33ms FAIL


  2025-01-06 08:22:02 Running [App\Http\Controllers\ActivityController@autoApprove] ........................ 19ms FAIL


  2025-01-06 08:25:50 Running [App\Http\Controllers\ActivityController@autoApprove] ........................ 78ms FAIL


  2025-01-06 08:27:02 Running [App\Http\Controllers\ActivityController@autoApprove] ........................ 31ms FAIL


  2025-01-06 08:30:50 Running [App\Http\Controllers\ActivityController@autoApprove] ........................ 87ms FAIL


  2025-01-06 08:32:02 Running [App\Http\Controllers\ActivityController@autoApprove] ........................ 27ms FAIL


  2025-01-06 08:35:50 Running [App\Http\Controllers\ActivityController@autoApprove] ........................ 28ms FAIL


  2025-01-06 08:37:02 Running [App\Http\Controllers\ActivityController@autoApprove] ........................ 14ms FAIL


  2025-01-06 08:40:49 Running [App\Http\Controllers\ActivityController@autoApprove] ........................ 14ms FAIL


  2025-01-06 08:42:02 Running [App\Http\Controllers\ActivityController@autoApprove] ........................ 21ms FAIL


  2025-01-06 08:45:49 Running [App\Http\Controllers\ActivityController@autoApprove] ........................ 20ms FAIL


  2025-01-06 08:47:02 Running [App\Http\Controllers\ActivityController@autoApprove] ........................ 17ms FAIL


  2025-01-06 08:50:50 Running [App\Http\Controllers\ActivityController@autoApprove] ........................ 17ms FAIL


  2025-01-06 08:52:02 Running [App\Http\Controllers\ActivityController@autoApprove] ........................ 26ms FAIL


  2025-01-06 08:55:50 Running [App\Http\Controllers\ActivityController@autoApprove] ........................ 17ms FAIL


  2025-01-06 08:57:02 Running [App\Http\Controllers\ActivityController@autoApprove] ........................ 18ms FAIL


  2025-01-06 09:00:49 Running [App\Http\Controllers\ActivityController@autoApprove] ........................ 23ms FAIL


  2025-01-06 09:02:02 Running [App\Http\Controllers\ActivityController@autoApprove] ........................ 13ms FAIL


  2025-01-06 09:05:50 Running [App\Http\Controllers\ActivityController@autoApprove] ........................ 30ms FAIL


  2025-01-06 09:07:02 Running [App\Http\Controllers\ActivityController@autoApprove] ........................ 18ms FAIL


  2025-01-06 09:10:49 Running [App\Http\Controllers\ActivityController@autoApprove] ........................ 25ms FAIL


  2025-01-06 09:12:02 Running [App\Http\Controllers\ActivityController@autoApprove] ........................ 14ms FAIL


  2025-01-06 09:15:50 Running [App\Http\Controllers\ActivityController@autoApprove] ........................ 30ms FAIL


  2025-01-06 09:17:02 Running [App\Http\Controllers\ActivityController@autoApprove] ........................ 18ms FAIL


  2025-01-06 09:20:50 Running [App\Http\Controllers\ActivityController@autoApprove] ........................ 29ms FAIL


  2025-01-06 09:22:02 Running [App\Http\Controllers\ActivityController@autoApprove] ........................ 18ms FAIL


  2025-01-06 09:25:49 Running [App\Http\Controllers\ActivityController@autoApprove] ........................ 21ms FAIL


  2025-01-06 09:27:02 Running [App\Http\Controllers\ActivityController@autoApprove] ........................ 16ms FAIL


  2025-01-06 09:30:50 Running [App\Http\Controllers\ActivityController@autoApprove] ........................ 33ms FAIL


  2025-01-06 09:32:02 Running [App\Http\Controllers\ActivityController@autoApprove] ........................ 14ms FAIL


  2025-01-06 09:35:50 Running [App\Http\Controllers\ActivityController@autoApprove] ........................ 24ms FAIL


  2025-01-06 09:37:02 Running [App\Http\Controllers\ActivityController@autoApprove] ........................ 14ms FAIL


  2025-01-06 09:40:49 Running [App\Http\Controllers\ActivityController@autoApprove] ........................ 18ms FAIL


  2025-01-06 09:42:02 Running [App\Http\Controllers\ActivityController@autoApprove] ........................ 14ms FAIL


  2025-01-06 09:45:50 Running [App\Http\Controllers\ActivityController@autoApprove] ........................ 27ms FAIL


  2025-01-06 09:47:02 Running [App\Http\Controllers\ActivityController@autoApprove] ........................ 13ms FAIL


  2025-01-06 09:50:49 Running [App\Http\Controllers\ActivityController@autoApprove] ........................ 14ms FAIL


  2025-01-06 09:52:02 Running [App\Http\Controllers\ActivityController@autoApprove] ........................ 14ms FAIL


  2025-01-06 09:55:49 Running [App\Http\Controllers\ActivityController@autoApprove] ........................ 15ms FAIL


  2025-01-06 09:57:02 Running [App\Http\Controllers\ActivityController@autoApprove] ........................ 19ms FAIL


  2025-01-06 10:00:49 Running [App\Http\Controllers\ActivityController@autoApprove] ........................ 20ms FAIL


  2025-01-06 10:02:02 Running [App\Http\Controllers\ActivityController@autoApprove] ........................ 17ms FAIL


  2025-01-06 10:05:50 Running [App\Http\Controllers\ActivityController@autoApprove] ........................ 24ms FAIL


  2025-01-06 10:07:02 Running [App\Http\Controllers\ActivityController@autoApprove] ........................ 14ms FAIL


  2025-01-06 10:10:49 Running [App\Http\Controllers\ActivityController@autoApprove] ........................ 16ms FAIL


  2025-01-06 10:12:02 Running [App\Http\Controllers\ActivityController@autoApprove] ........................ 19ms FAIL


  2025-01-06 10:15:49 Running [App\Http\Controllers\ActivityController@autoApprove] ........................ 19ms FAIL


  2025-01-06 10:17:02 Running [App\Http\Controllers\ActivityController@autoApprove] ........................ 19ms FAIL


  2025-01-06 10:20:49 Running [App\Http\Controllers\ActivityController@autoApprove] ........................ 18ms FAIL


  2025-01-06 10:22:02 Running [App\Http\Controllers\ActivityController@autoApprove] ........................ 17ms FAIL


  2025-01-06 10:25:50 Running [App\Http\Controllers\ActivityController@autoApprove] ........................ 17ms FAIL


  2025-01-06 10:27:02 Running [App\Http\Controllers\ActivityController@autoApprove] ........................ 13ms FAIL


  2025-01-06 10:30:49 Running [App\Http\Controllers\ActivityController@autoApprove] ........................ 14ms FAIL


  2025-01-06 10:32:02 Running [App\Http\Controllers\ActivityController@autoApprove] ........................ 18ms FAIL


  2025-01-06 10:35:50 Running [App\Http\Controllers\ActivityController@autoApprove] ........................ 24ms FAIL


  2025-01-06 10:37:02 Running [App\Http\Controllers\ActivityController@autoApprove] ........................ 19ms FAIL

